<?xml version="1.0" encoding="UTF-8"?>
<!-- Generated by org.testng.reporters.JUnitReportReporter -->
<testsuite hostname="Santosh" failures="0" tests="2" name="com.project.rough.SeleniumPracTuesday" time="0.598" errors="0" timestamp="2024-11-26T16:33:22 IST" skipped="0">
  <testcase classname="com.project.rough.SeleniumPracTuesday" name="writeExcel" time="0.137"/>
  <testcase classname="com.project.rough.SeleniumPracTuesday" name="readExcelfile" time="0.461"/>
</testsuite> <!-- com.project.rough.SeleniumPracTuesday -->
