<?xml version="1.0" encoding="UTF-8"?>
<!-- Generated by org.testng.reporters.JUnitReportReporter -->
<testsuite hostname="Santosh" failures="0" tests="1" name="com.project.testcases.CustomerLogin" time="0.232" errors="0" timestamp="2024-12-07T16:12:40 IST" skipped="0">
  <testcase classname="com.project.testcases.CustomerLogin" name="customerLogin" time="0.232"/>
</testsuite> <!-- com.project.testcases.CustomerLogin -->
