<?xml version="1.0" encoding="UTF-8"?>
<!-- Generated by org.testng.reporters.JUnitReportReporter -->
<testsuite hostname="Santosh" failures="0" tests="5" name="com.pro.testcases.TC03_AddCustomeUsingExcel" time="5.245" errors="0" timestamp="2025-01-21T19:26:42 IST" skipped="0">
  <testcase classname="com.pro.testcases.TC03_AddCustomeUsingExcel" name="addCustomer" time="1.255"/>
  <testcase classname="com.pro.testcases.TC03_AddCustomeUsingExcel" name="addCustomer" time="0.825"/>
  <testcase classname="com.pro.testcases.TC03_AddCustomeUsingExcel" name="addCustomer" time="1.438"/>
  <testcase classname="com.pro.testcases.TC03_AddCustomeUsingExcel" name="addCustomer" time="0.573"/>
  <testcase classname="com.pro.testcases.TC03_AddCustomeUsingExcel" name="addCustomer" time="1.154"/>
</testsuite> <!-- com.pro.testcases.TC03_AddCustomeUsingExcel -->
