<?xml version="1.0" encoding="UTF-8"?>
<!-- Generated by org.testng.reporters.JUnitReportReporter -->
<testsuite hostname="Santosh" failures="0" tests="5" name="com.pro.testcases.TC03_AddCustomeUsingExcel" time="6.605" errors="0" timestamp="2025-01-08T14:39:25 IST" skipped="0">
  <testcase classname="com.pro.testcases.TC03_AddCustomeUsingExcel" name="addCustomer" time="1.630"/>
  <testcase classname="com.pro.testcases.TC03_AddCustomeUsingExcel" name="addCustomer" time="1.641"/>
  <testcase classname="com.pro.testcases.TC03_AddCustomeUsingExcel" name="addCustomer" time="0.830"/>
  <testcase classname="com.pro.testcases.TC03_AddCustomeUsingExcel" name="addCustomer" time="0.915"/>
  <testcase classname="com.pro.testcases.TC03_AddCustomeUsingExcel" name="addCustomer" time="1.589"/>
</testsuite> <!-- com.pro.testcases.TC03_AddCustomeUsingExcel -->
