<?xml version="1.0" encoding="UTF-8"?>
<!-- Generated by org.testng.reporters.JUnitReportReporter -->
<testsuite hostname="Santosh" failures="0" tests="2" name="com.pro.testcases.TC02_AddCustomerWithStaticValue" time="2.301" errors="0" timestamp="2025-01-21T19:26:42 IST" skipped="0">
  <testcase classname="com.pro.testcases.TC02_AddCustomerWithStaticValue" name="addCustomer" time="1.271"/>
  <testcase classname="com.pro.testcases.TC02_AddCustomerWithStaticValue" name="addCustomer" time="1.030"/>
</testsuite> <!-- com.pro.testcases.TC02_AddCustomerWithStaticValue -->
