<?xml version="1.0" encoding="UTF-8"?>
<!-- Generated by org.testng.reporters.JUnitReportReporter -->
<testsuite hostname="Santosh" failures="0" tests="1" name="com.pro.testcases.TC01_CustomerLogin" time="0.423" errors="0" timestamp="2025-01-08T14:39:25 IST" skipped="0">
  <testcase classname="com.pro.testcases.TC01_CustomerLogin" name="customerLogin" time="0.423"/>
</testsuite> <!-- com.pro.testcases.TC01_CustomerLogin -->
