<?xml version="1.0" encoding="UTF-8"?>
<!-- Generated by org.testng.reporters.JUnitReportReporter -->
<testsuite hostname="Santosh" failures="0" tests="2" name="com.pro.testcases.TC02_AddCustomer" time="2.376" errors="0" timestamp="2025-01-08T13:54:16 IST" skipped="0">
  <testcase classname="com.pro.testcases.TC02_AddCustomer" name="addCustomer" time="0.837"/>
  <testcase classname="com.pro.testcases.TC02_AddCustomer" name="addCustomer" time="1.539"/>
</testsuite> <!-- com.pro.testcases.TC02_AddCustomer -->
