<?xml version="1.0" encoding="UTF-8"?>
<!-- Generated by org.testng.reporters.JUnitReportReporter -->
<testsuite hostname="Santosh" failures="0" tests="1" name="com.pro.testcases.TC01_CustomerLogin" time="0.362" errors="0" timestamp="2025-02-17T20:18:21 IST" skipped="0">
  <testcase classname="com.pro.testcases.TC01_CustomerLogin" name="customerLogin" time="0.362"/>
</testsuite> <!-- com.pro.testcases.TC01_CustomerLogin -->
