<?xml version="1.0" encoding="UTF-8"?>
<!-- Generated by org.testng.reporters.JUnitReportReporter -->
<testsuite hostname="Santosh" failures="0" tests="1" name="Day2.BasicAuthentication" time="16.809" errors="0" timestamp="2024-12-13T17:03:10 IST" skipped="0">
  <testcase classname="Day2.BasicAuthentication" name="basicAuthen" time="16.809"/>
</testsuite> <!-- Day2.BasicAuthentication -->
