<?xml version="1.0" encoding="UTF-8"?>
<!-- Generated by org.testng.reporters.JUnitReportReporter -->
<testsuite hostname="Santosh" failures="0" tests="1" name="Cookies.cookies" time="5.795" errors="0" timestamp="2024-12-16T14:50:14 IST" skipped="0">
  <testcase classname="Cookies.cookies" name="handleCookies" time="5.795"/>
</testsuite> <!-- Cookies.cookies -->
