<?xml version="1.0" encoding="UTF-8"?>
<!-- Generated by org.testng.reporters.JUnitReportReporter -->
<testsuite hostname="Santosh" failures="0" tests="1" name="Day2.ActionAPI" time="4.309" errors="0" timestamp="2024-12-14T16:19:02 IST" skipped="0">
  <testcase classname="Day2.ActionAPI" name="actionApi" time="4.309"/>
</testsuite> <!-- Day2.ActionAPI -->
