<?xml version="1.0" encoding="UTF-8"?>
<!-- Generated by org.testng.reporters.JUnitReportReporter -->
<testsuite hostname="Santosh" failures="0" tests="1" name="Day3.ChromeOptions" time="0.014" errors="0" timestamp="2024-12-12T19:06:52 IST" skipped="0">
  <testcase classname="Day3.ChromeOptions" name="chromeOption" time="0.014"/>
</testsuite> <!-- Day3.ChromeOptions -->
