<?xml version="1.0" encoding="UTF-8"?>
<!-- Generated by org.testng.reporters.JUnitReportReporter -->
<testsuite hostname="Santosh" failures="0" tests="1" name="Day2.Practice" time="4.447" errors="0" timestamp="2024-12-13T16:43:28 IST" skipped="0">
  <testcase classname="Day2.Practice" name="windowsHandle" time="4.447"/>
</testsuite> <!-- Day2.Practice -->
