<?xml version="1.0" encoding="UTF-8"?>
<!-- Generated by org.testng.reporters.JUnitReportReporter -->
<testsuite hostname="Santosh" failures="0" tests="2" name="excel.ExcelReadWrite" time="0.863" errors="0" timestamp="2025-02-05T18:00:00 IST" skipped="0">
  <testcase classname="excel.ExcelReadWrite" name="writeExcel" time="0.185"/>
  <testcase classname="excel.ExcelReadWrite" name="readExcel" time="0.678"/>
</testsuite> <!-- excel.ExcelReadWrite -->
