<?xml version="1.0" encoding="UTF-8"?>
<!-- Generated by org.testng.reporters.JUnitReportReporter -->
<testsuite hostname="Santosh" failures="0" tests="1" name="Day2.AlertPrac" time="5.704" errors="0" timestamp="2024-12-14T17:27:47 IST" skipped="0">
  <testcase classname="Day2.AlertPrac" name="alertHandle" time="5.704"/>
</testsuite> <!-- Day2.AlertPrac -->
