<?xml version="1.0" encoding="UTF-8"?>
<!-- Generated by org.testng.reporters.JUnitReportReporter -->
<testsuite hostname="Santosh" failures="0" tests="1" name="Day2.PlayWithExcel" time="0.711" errors="0" timestamp="2024-12-14T19:31:07 IST" skipped="0">
  <testcase classname="Day2.PlayWithExcel" name="writeExcel" time="0.711"/>
</testsuite> <!-- Day2.PlayWithExcel -->
