<?xml version="1.0" encoding="UTF-8"?>
<!-- Generated by org.testng.reporters.JUnitReportReporter -->
<testsuite hostname="Santosh" failures="0" tests="1" name="Revision.Day1" time="0.824" errors="0" timestamp="2025-01-09T15:34:12 IST" skipped="0">
  <testcase classname="Revision.Day1" name="getData" time="0.824"/>
</testsuite> <!-- Revision.Day1 -->
