<?xml version="1.0" encoding="UTF-8"?>
<!-- Generated by org.testng.reporters.JUnitReportReporter -->
<testsuite hostname="Santosh" failures="0" tests="1" name="Day3.BasicAuthentication" time="16.631" errors="0" timestamp="2024-12-12T18:41:51 IST" skipped="0">
  <testcase classname="Day3.BasicAuthentication" name="basicAuth" time="16.631"/>
</testsuite> <!-- Day3.BasicAuthentication -->
