<?xml version="1.0" encoding="UTF-8"?>
<!-- Generated by org.testng.reporters.JUnitReportReporter -->
<testsuite hostname="Santosh" failures="0" tests="1" name="Day2.ChromeOption" time="2.589" errors="0" timestamp="2024-12-12T20:01:48 IST" skipped="0">
  <testcase classname="Day2.ChromeOption" name="checkChromeOptions" time="2.589"/>
</testsuite> <!-- Day2.ChromeOption -->
