<?xml version="1.0" encoding="UTF-8"?>
<!-- Generated by org.testng.reporters.JUnitReportReporter -->
<testsuite hostname="Santosh" failures="0" tests="1" name="Day2.Frames" time="7.751" errors="0" timestamp="2024-12-14T17:00:00 IST" skipped="0">
  <testcase classname="Day2.Frames" name="switchFrame" time="7.751"/>
</testsuite> <!-- Day2.Frames -->
