<?xml version="1.0" encoding="UTF-8"?>
<!-- Generated by org.testng.reporters.JUnitReportReporter -->
<testsuite hostname="Santosh" failures="0" tests="2" name="Day1.ExcelReadWrite" time="0.842" errors="0" timestamp="2024-12-14T19:02:09 IST" skipped="0">
  <testcase classname="Day1.ExcelReadWrite" name="writeExcel" time="0.191"/>
  <testcase classname="Day1.ExcelReadWrite" name="readExcel" time="0.651"/>
</testsuite> <!-- Day1.ExcelReadWrite -->
