<?xml version="1.0" encoding="UTF-8"?>
<!-- Generated by org.testng.reporters.JUnitReportReporter -->
<testsuite hostname="Santosh" failures="0" tests="2" name="Day1.Day2" time="0.798" errors="0" timestamp="2024-12-05T19:14:39 IST" skipped="0">
  <testcase classname="Day1.Day2" name="readExcel" time="0.642"/>
  <testcase classname="Day1.Day2" name="writeExcel" time="0.156"/>
</testsuite> <!-- Day1.Day2 -->
