<?xml version="1.0" encoding="UTF-8"?>
<!-- Generated by org.testng.reporters.JUnitReportReporter -->
<testsuite hostname="Santosh" failures="0" tests="1" name="com.project.testcases.CustomerLogin" time="3.226" errors="0" timestamp="2024-12-03T20:37:35 IST" skipped="0">
  <testcase classname="com.project.testcases.CustomerLogin" name="custLogin" time="3.226">
    <system-out>
      <![CDATA[Clicked on Website Login
<a href="C:\eclipse-workspace\DataDrivenProjectSample1\src\test\resources\screenshots\Mon_Dec_02_11_15_55_IST_2024.jpeg" target = "_blank">Screenshot</a>
<br>
<a target ="_blank" href="C:\eclipse-workspace\DataDrivenProjectSample1\src\test\resources\screenshots\Mon_Dec_02_11_15_55_IST_2024.jpeg "><img src="C:\eclipse-workspace\DataDrivenProjectSample1\src\test\resources\screenshots\Mon_Dec_02_11_15_55_IST_2024.jpeg" height=200 width=200></img></a>
<br>
Clicked on Website Login
Test Passed]]>
    </system-out>
  </testcase> <!-- custLogin -->
  <system-out>
    <![CDATA[Clicked on Website Login
<a href="C:\eclipse-workspace\DataDrivenProjectSample1\src\test\resources\screenshots\Mon_Dec_02_11_15_55_IST_2024.jpeg" target = "_blank">Screenshot</a>
<br>
<a target ="_blank" href="C:\eclipse-workspace\DataDrivenProjectSample1\src\test\resources\screenshots\Mon_Dec_02_11_15_55_IST_2024.jpeg "><img src="C:\eclipse-workspace\DataDrivenProjectSample1\src\test\resources\screenshots\Mon_Dec_02_11_15_55_IST_2024.jpeg" height=200 width=200></img></a>
<br>
Clicked on Website Login
Test Passed
Verification pass for AddCustomber button
Test Passed
Verification pass for AddCustomber button
Test Passed]]>
  </system-out>
</testsuite> <!-- com.project.testcases.CustomerLogin -->
