<?xml version="1.0" encoding="UTF-8"?>
<!-- Generated by org.testng.reporters.JUnitReportReporter -->
<testsuite hostname="Santosh" failures="0" tests="1" name="BaseClass.BaseClass" time="0.007" errors="0" timestamp="2024-12-01T12:03:53 IST" skipped="0">
  <testcase classname="BaseClass.BaseClass" name="setup" time="0.007"/>
</testsuite> <!-- BaseClass.BaseClass -->
