<?xml version="1.0" encoding="UTF-8"?>
<!-- Generated by org.testng.reporters.JUnitReportReporter -->
<testsuite hostname="Santosh" failures="0" tests="1" name="com.veromoda.testcases.LoginTest" time="1.040" errors="0" timestamp="2025-02-07T18:53:08 IST" skipped="0">
  <testcase classname="com.veromoda.testcases.LoginTest" name="LoginTest" time="1.040"/>
  <system-out/>
</testsuite> <!-- com.veromoda.testcases.LoginTest -->
