<?xml version="1.0" encoding="UTF-8"?>
<!-- Generated by org.testng.reporters.JUnitReportReporter -->
<testsuite hostname="Santosh" failures="0" tests="1" name="com.veromoda.testcases.CartTestCase" time="2.060" errors="0" timestamp="2025-02-07T18:52:08 IST" skipped="0">
  <testcase classname="com.veromoda.testcases.CartTestCase" name="getCart" time="2.060"/>
  <system-out>
    <![CDATA[Test verification added]]>
  </system-out>
</testsuite> <!-- com.veromoda.testcases.CartTestCase -->
