<?xml version="1.0" encoding="UTF-8"?>
<!-- Generated by org.testng.reporters.JUnitReportReporter -->
<testsuite hostname="Santosh" failures="0" tests="1" name="com.veromoda.testcases.TopPage" time="3.857" errors="0" timestamp="2024-12-27T10:07:34 IST" skipped="0">
  <testcase classname="com.veromoda.testcases.TopPage" name="topPage" time="3.857"/>
</testsuite> <!-- com.veromoda.testcases.TopPage -->
