<?xml version="1.0" encoding="UTF-8"?>
<!-- Generated by org.testng.reporters.JUnitReportReporter -->
<testsuite hostname="Santosh" failures="0" tests="1" name="com.veromoda.testcases.TopPage" time="2.444" errors="0" timestamp="2024-12-29T14:17:17 IST" skipped="0">
  <testcase classname="com.veromoda.testcases.TopPage" name="topPage" time="2.444"/>
  <system-out/>
</testsuite> <!-- com.veromoda.testcases.TopPage -->
