<?xml version="1.0" encoding="UTF-8"?>
<!-- Generated by org.testng.reporters.JUnitReportReporter -->
<testsuite hostname="Santosh" failures="0" tests="1" name="com.veromoda.testcases.CartTestCase" time="1.182" errors="0" timestamp="2024-12-27T10:07:34 IST" skipped="0">
  <testcase classname="com.veromoda.testcases.CartTestCase" name="getCart" time="1.182"/>
</testsuite> <!-- com.veromoda.testcases.CartTestCase -->
