<?xml version="1.0" encoding="UTF-8"?>
<!-- Generated by org.testng.reporters.JUnitReportReporter -->
<testsuite hostname="Santosh" failures="0" tests="1" name="com.packageone.Human" time="8.835" errors="0" timestamp="2024-12-09T13:12:24 IST" skipped="0">
  <testcase classname="com.packageone.Human" name="testOne" time="8.835"/>
</testsuite> <!-- com.packageone.Human -->
