<?xml version="1.0" encoding="UTF-8"?>
<!-- Generated by org.testng.reporters.JUnitReportReporter -->
<testsuite hostname="Santosh" failures="0" tests="1" name="com.packageone.Child" time="4.825" errors="0" timestamp="2024-12-09T13:12:24 IST" skipped="0">
  <testcase classname="com.packageone.Child" name="testTwo" time="4.825"/>
</testsuite> <!-- com.packageone.Child -->
