<?xml version="1.0" encoding="UTF-8"?>
<!-- Generated by org.testng.reporters.JUnitReportReporter -->
<testsuite hostname="Santosh" failures="0" tests="1" name="com.packagethree.PackageTest" time="4.711" errors="0" timestamp="2024-12-09T13:12:24 IST" skipped="0">
  <testcase classname="com.packagethree.PackageTest" name="AnotherPackage" time="4.711"/>
</testsuite> <!-- com.packagethree.PackageTest -->
