<?xml version="1.0" encoding="UTF-8"?>
<!-- Generated by org.testng.reporters.JUnitReportReporter -->
<testsuite hostname="Santosh" failures="0" tests="1" name="com.project.testcases.TC_001_CustomerLogin" time="0.738" errors="0" timestamp="2025-02-17T19:49:43 IST" skipped="0">
  <testcase classname="com.project.testcases.TC_001_CustomerLogin" name="customerLogin" time="0.738"/>
</testsuite> <!-- com.project.testcases.TC_001_CustomerLogin -->
