<?xml version="1.0" encoding="UTF-8"?>
<!-- Generated by org.testng.reporters.JUnitReportReporter -->
<testsuite hostname="Santosh" failures="0" tests="1" name="com.project.testcases.TC_AddCustomer" time="0.440" errors="0" timestamp="2025-01-01T20:35:59 IST" skipped="0">
  <testcase classname="com.project.testcases.TC_AddCustomer" name="addCustomer" time="0.440"/>
</testsuite> <!-- com.project.testcases.TC_AddCustomer -->
