<?xml version="1.0" encoding="UTF-8"?>
<!-- Generated by org.testng.reporters.JUnitReportReporter -->
<testsuite hostname="Santosh" failures="0" tests="1" name="com.way2automation.testcases.TC_01_CustomerLogin" time="0.358" errors="0" timestamp="2025-02-07T18:34:40 IST" skipped="0">
  <testcase classname="com.way2automation.testcases.TC_01_CustomerLogin" name="customerLogin" time="0.358"/>
</testsuite> <!-- com.way2automation.testcases.TC_01_CustomerLogin -->
