<?xml version="1.0" encoding="UTF-8"?>
<!-- Generated by org.testng.reporters.JUnitReportReporter -->
<testsuite hostname="Santosh" failures="0" tests="1" name="com.veromoda.testcases.TC01_LoginTest" time="0.780" errors="0" timestamp="2025-01-21T22:14:27 IST" skipped="0">
  <testcase classname="com.veromoda.testcases.TC01_LoginTest" name="loginTest" time="0.780"/>
  <system-out/>
</testsuite> <!-- com.veromoda.testcases.TC01_LoginTest -->
