<?xml version="1.0" encoding="UTF-8"?>
<!-- Generated by org.testng.reporters.JUnitReportReporter -->
<testsuite hostname="Santosh" failures="0" tests="12" name="runnerfile.RunCuke" time="0.237" errors="0" timestamp="2025-02-10T12:11:22 IST" skipped="0">
  <testcase classname="runnerfile.RunCuke" name="runScenario" time="0.010"/>
  <system-out/>
  <testcase classname="runnerfile.RunCuke" name="runScenario" time="0.009"/>
  <system-out/>
  <testcase classname="runnerfile.RunCuke" name="runScenario" time="0.006"/>
  <system-out/>
  <testcase classname="runnerfile.RunCuke" name="runScenario" time="0.006"/>
  <system-out/>
  <testcase classname="runnerfile.RunCuke" name="runScenario" time="0.013"/>
  <system-out/>
  <testcase classname="runnerfile.RunCuke" name="runScenario" time="0.007"/>
  <system-out/>
  <testcase classname="runnerfile.RunCuke" name="runScenario" time="0.008"/>
  <system-out/>
  <testcase classname="runnerfile.RunCuke" name="runScenario" time="0.008"/>
  <system-out/>
  <testcase classname="runnerfile.RunCuke" name="runScenario" time="0.009"/>
  <system-out/>
  <testcase classname="runnerfile.RunCuke" name="runScenario" time="0.010"/>
  <system-out/>
  <testcase classname="runnerfile.RunCuke" name="runScenario" time="0.010"/>
  <system-out/>
  <testcase classname="runnerfile.RunCuke" name="runScenario" time="0.141"/>
  <system-out/>
</testsuite> <!-- runnerfile.RunCuke -->
