<?xml version="1.0" encoding="UTF-8"?>
<!-- Generated by org.testng.reporters.JUnitReportReporter -->
<testsuite hostname="Santosh" failures="0" tests="1" name="com.vero.testcases.TC_Cart" time="9.064" errors="0" timestamp="2024-12-29T17:53:35 IST" skipped="0">
  <testcase classname="com.vero.testcases.TC_Cart" name="testCart" time="9.064"/>
  <system-out>
    <![CDATA[Test verification added]]>
  </system-out>
</testsuite> <!-- com.vero.testcases.TC_Cart -->
