<?xml version="1.0" encoding="UTF-8"?>
<!-- Generated by org.testng.reporters.JUnitReportReporter -->
<testsuite hostname="Santosh" failures="0" tests="1" name="com.datadriven.testcases.BankManagerLogin" time="1.307" errors="0" timestamp="2024-12-21T14:39:38 IST" skipped="0">
  <testcase classname="com.datadriven.testcases.BankManagerLogin" name="bankmanagerLogin" time="1.307">
    <system-out>
      <![CDATA[<br>Verifiction Failed : expected [Test] but found [test]<br>
<a target ="_blank" href=Sat_Dec_21_14_39_37_IST_2024.jpeg><img src=Sat_Dec_21_14_39_37_IST_2024.jpeg height=200 width=200></img></a>
<br>]]>
    </system-out>
  </testcase> <!-- bankmanagerLogin -->
  <system-out>
    <![CDATA[<br>Verifiction Failed : expected [Test] but found [test]<br>
<a target ="_blank" href=Sat_Dec_21_14_39_37_IST_2024.jpeg><img src=Sat_Dec_21_14_39_37_IST_2024.jpeg height=200 width=200></img></a>
<br>]]>
  </system-out>
</testsuite> <!-- com.datadriven.testcases.BankManagerLogin -->
