<?xml version="1.0" encoding="UTF-8"?>
<!-- Generated by org.testng.reporters.JUnitReportReporter -->
<testsuite hostname="Santosh" failures="0" tests="1" name="com.practice.testcases.AddCustomerLogin" time="0.136" errors="0" timestamp="2024-11-10T07:34:26 IST" skipped="0">
  <testcase classname="com.practice.testcases.AddCustomerLogin" name="login" time="0.136"/>
</testsuite> <!-- com.practice.testcases.AddCustomerLogin -->
