<?xml version="1.0" encoding="UTF-8"?>
<!-- Generated by org.testng.reporters.JUnitReportReporter -->
<testsuite hostname="Santosh" failures="0" tests="1" name="com.practice.testcases.CustomerLogin" time="0.433" errors="0" timestamp="2024-11-10T12:47:35 IST" skipped="0">
  <testcase classname="com.practice.testcases.CustomerLogin" name="CustLogin" time="0.433"/>
</testsuite> <!-- com.practice.testcases.CustomerLogin -->
