<?xml version="1.0" encoding="UTF-8"?>
<!-- Generated by org.testng.reporters.JUnitReportReporter -->
<testsuite hostname="Santosh" failures="0" tests="1" name="com.projectUtilities.Utilities" time="0.439" errors="0" timestamp="2024-11-19T20:03:32 IST" skipped="0">
  <testcase classname="com.projectUtilities.Utilities" name="getScreenshot" time="0.439"/>
</testsuite> <!-- com.projectUtilities.Utilities -->
