<?xml version="1.0" encoding="UTF-8"?>
<!-- Generated by org.testng.reporters.JUnitReportReporter -->
<testsuite hostname="Santosh" failures="0" tests="1" name="com.projectTestCases.TC_01_Customer_Login" time="0.729" errors="0" timestamp="2024-11-19T20:06:44 IST" skipped="0">
  <testcase classname="com.projectTestCases.TC_01_Customer_Login" name="CustomerLogin" time="0.729"/>
</testsuite> <!-- com.projectTestCases.TC_01_Customer_Login -->
