<?xml version="1.0" encoding="UTF-8"?>
<!-- Generated by org.testng.reporters.JUnitReportReporter -->
<testsuite hostname="Santosh" failures="0" tests="1" name="com.vmoda.testcases.Customer" time="0.322" errors="0" timestamp="2024-12-27T17:16:32 IST" skipped="0">
  <testcase classname="com.vmoda.testcases.Customer" name="custLogin" time="0.322"/>
</testsuite> <!-- com.vmoda.testcases.Customer -->
