<?xml version="1.0" encoding="UTF-8"?>
<!-- Generated by org.testng.reporters.JUnitReportReporter -->
<testsuite hostname="Santosh" failures="0" tests="1" name="com.refineproject.testcases.BankManagerLogin" time="0.369" errors="0" timestamp="2024-11-30T14:04:13 IST" skipped="0">
  <testcase classname="com.refineproject.testcases.BankManagerLogin" name="bankManagerLoginfunc" time="0.369"/>
</testsuite> <!-- com.refineproject.testcases.BankManagerLogin -->
