<?xml version="1.0" encoding="UTF-8"?>
<!-- Generated by org.testng.reporters.JUnitReportReporter -->
<testsuite hostname="Santosh" failures="0" tests="4" name="com.refineproject.testcases.CustomerLogin" time="0.026" errors="0" timestamp="2024-11-27T21:35:09 IST" skipped="0">
  <testcase classname="com.refineproject.testcases.CustomerLogin" name="invocationcount" time="0.007"/>
  <testcase classname="com.refineproject.testcases.CustomerLogin" name="invocationcount" time="0.006"/>
  <testcase classname="com.refineproject.testcases.CustomerLogin" name="invocationcount" time="0.008"/>
  <testcase classname="com.refineproject.testcases.CustomerLogin" name="invocationcount" time="0.005"/>
</testsuite> <!-- com.refineproject.testcases.CustomerLogin -->
