<?xml version="1.0" encoding="UTF-8"?>
<!-- Generated by org.testng.reporters.JUnitReportReporter -->
<testsuite hostname="Santosh" failures="0" tests="1" name="com.refineproject.utilities.ReadExcel" time="0.660" errors="0" timestamp="2024-11-27T18:24:33 IST" skipped="0">
  <testcase classname="com.refineproject.utilities.ReadExcel" name="readexcel" time="0.660"/>
</testsuite> <!-- com.refineproject.utilities.ReadExcel -->
