<?xml version="1.0" encoding="UTF-8"?>
<!-- Generated by org.testng.reporters.JUnitReportReporter -->
<testsuite hostname="Santosh" failures="0" tests="1" name="com.demo.testcases.TC_01_LoginCustomer" time="0.410" errors="0" timestamp="2025-02-17T20:38:27 IST" skipped="0">
  <testcase classname="com.demo.testcases.TC_01_LoginCustomer" name="loginCust" time="0.410"/>
  <system-out>
    <![CDATA[Test Case Passed]]>
  </system-out>
</testsuite> <!-- com.demo.testcases.TC_01_LoginCustomer -->
