<?xml version="1.0" encoding="UTF-8"?>
<!-- Generated by org.testng.reporters.JUnitReportReporter -->
<testsuite hostname="Santosh" failures="0" tests="3" name="com.practice.rough.DataProviderDemo" time="0.010" errors="0" timestamp="2024-11-25T13:07:08 IST" skipped="0">
  <testcase classname="com.practice.rough.DataProviderDemo" name="login" time="0.008"/>
  <testcase classname="com.practice.rough.DataProviderDemo" name="login" time="0.001"/>
  <testcase classname="com.practice.rough.DataProviderDemo" name="login" time="0.001"/>
</testsuite> <!-- com.practice.rough.DataProviderDemo -->
