<?xml version="1.0" encoding="UTF-8"?>
<!-- Generated by org.testng.reporters.JUnitReportReporter -->
<testsuite hostname="Santosh" failures="0" tests="1" name="com.project.TestCases.TestLogin" time="6.090" errors="0" timestamp="2024-12-07T16:20:36 IST" skipped="0">
  <testcase classname="com.project.TestCases.TestLogin" name="test" time="6.090"/>
</testsuite> <!-- com.project.TestCases.TestLogin -->
