<?xml version="1.0" encoding="UTF-8"?>
<!-- Generated by org.testng.reporters.JUnitReportReporter -->
<testsuite hostname="Santosh" failures="0" tests="1" name="com.project.testcases.CustomerLogin" time="0.536" errors="0" timestamp="2024-11-20T22:06:23 IST" skipped="0">
  <testcase classname="com.project.testcases.CustomerLogin" name="custLogin" time="0.536">
    <system-out>
      <![CDATA[Capturing screenshot]]>
    </system-out>
  </testcase> <!-- custLogin -->
  <system-out>
    <![CDATA[File Loaded successfully
Capturing screenshot]]>
  </system-out>
</testsuite> <!-- com.project.testcases.CustomerLogin -->
